Determining if the pthread_create exist failed with the following output:
Change Dir: /home/zyrafau/calc_inpg/program/kalkulator/cmake-build-debug/CMakeFiles/CMakeTmp

Run Build Command:"/usr/bin/make" "cmTC_ddfac/fast"
/usr/bin/make -f CMakeFiles/cmTC_ddfac.dir/build.make CMakeFiles/cmTC_ddfac.dir/build
make[1]: Wejście do katalogu '/home/zyrafau/calc_inpg/program/kalkulator/cmake-build-debug/CMakeFiles/CMakeTmp'
Building C object CMakeFiles/cmTC_ddfac.dir/CheckSymbolExists.c.o
/usr/bin/clang-6.0    -o CMakeFiles/cmTC_ddfac.dir/CheckSymbolExists.c.o   -c /home/zyrafau/calc_inpg/program/kalkulator/cmake-build-debug/CMakeFiles/CMakeTmp/CheckSymbolExists.c
Linking C executable cmTC_ddfac
/home/zyrafau/clion-2018.3.4/bin/cmake/linux/bin/cmake -E cmake_link_script CMakeFiles/cmTC_ddfac.dir/link.txt --verbose=1
/usr/bin/clang-6.0      -rdynamic CMakeFiles/cmTC_ddfac.dir/CheckSymbolExists.c.o  -o cmTC_ddfac 
CMakeFiles/cmTC_ddfac.dir/CheckSymbolExists.c.o: In function `main':
CheckSymbolExists.c:(.text+0x19): undefined reference to `pthread_create'
clang: error: linker command failed with exit code 1 (use -v to see invocation)
CMakeFiles/cmTC_ddfac.dir/build.make:86: recipe for target 'cmTC_ddfac' failed
make[1]: *** [cmTC_ddfac] Error 1
make[1]: Opuszczenie katalogu '/home/zyrafau/calc_inpg/program/kalkulator/cmake-build-debug/CMakeFiles/CMakeTmp'
Makefile:121: recipe for target 'cmTC_ddfac/fast' failed
make: *** [cmTC_ddfac/fast] Error 2

File /home/zyrafau/calc_inpg/program/kalkulator/cmake-build-debug/CMakeFiles/CMakeTmp/CheckSymbolExists.c:
/* */
#include <pthread.h>

int main(int argc, char** argv)
{
  (void)argv;
#ifndef pthread_create
  return ((int*)(&pthread_create))[argc];
#else
  (void)argc;
  return 0;
#endif
}

